<?xml version="1.0" encoding="UTF-8"?>
<testng-results total="5" passed="5" failed="0" skipped="0">
  <reporter-output>
  </reporter-output>
  <suite started-at="2025-03-05T01:49:49Z" name="Surefire suite" finished-at="2025-03-05T01:49:49Z" duration-ms="52">
    <groups>
    </groups>
    <test started-at="2025-03-05T01:49:49Z" name="Surefire test" finished-at="2025-03-05T01:49:49Z" duration-ms="52">
      <class name="com.mycompany.StudentNGTest">
        <test-method is-config="true" signature="setUpClass()[pri:0, instance:com.mycompany.StudentNGTest@4df828d7]" started-at="2025-03-05T08:49:49Z" name="setUpClass" finished-at="2025-03-05T08:49:49Z" duration-ms="16" status="PASS">
          <reporter-output>
          </reporter-output>
        </test-method> <!-- setUpClass -->
        <test-method is-config="true" signature="setUpMethod()[pri:0, instance:com.mycompany.StudentNGTest@4df828d7]" started-at="2025-03-05T08:49:49Z" name="setUpMethod" finished-at="2025-03-05T08:49:49Z" duration-ms="2" status="PASS">
          <reporter-output>
          </reporter-output>
        </test-method> <!-- setUpMethod -->
        <test-method signature="testGetAge()[pri:0, instance:com.mycompany.StudentNGTest@4df828d7]" started-at="2025-03-05T08:49:49Z" name="testGetAge" finished-at="2025-03-05T08:49:49Z" duration-ms="7" status="PASS">
          <reporter-output>
          </reporter-output>
        </test-method> <!-- testGetAge -->
        <test-method is-config="true" signature="tearDownMethod()[pri:0, instance:com.mycompany.StudentNGTest@4df828d7]" started-at="2025-03-05T08:49:49Z" name="tearDownMethod" finished-at="2025-03-05T08:49:49Z" duration-ms="1" status="PASS">
          <reporter-output>
          </reporter-output>
        </test-method> <!-- tearDownMethod -->
        <test-method is-config="true" signature="setUpMethod()[pri:0, instance:com.mycompany.StudentNGTest@4df828d7]" started-at="2025-03-05T08:49:49Z" name="setUpMethod" finished-at="2025-03-05T08:49:49Z" duration-ms="0" status="PASS">
          <reporter-output>
          </reporter-output>
        </test-method> <!-- setUpMethod -->
        <test-method signature="testGetName()[pri:0, instance:com.mycompany.StudentNGTest@4df828d7]" started-at="2025-03-05T08:49:49Z" name="testGetName" finished-at="2025-03-05T08:49:49Z" duration-ms="0" status="PASS">
          <reporter-output>
          </reporter-output>
        </test-method> <!-- testGetName -->
        <test-method is-config="true" signature="tearDownMethod()[pri:0, instance:com.mycompany.StudentNGTest@4df828d7]" started-at="2025-03-05T08:49:49Z" name="tearDownMethod" finished-at="2025-03-05T08:49:49Z" duration-ms="0" status="PASS">
          <reporter-output>
          </reporter-output>
        </test-method> <!-- tearDownMethod -->
        <test-method is-config="true" signature="setUpMethod()[pri:0, instance:com.mycompany.StudentNGTest@4df828d7]" started-at="2025-03-05T08:49:49Z" name="setUpMethod" finished-at="2025-03-05T08:49:49Z" duration-ms="1" status="PASS">
          <reporter-output>
          </reporter-output>
        </test-method> <!-- setUpMethod -->
        <test-method signature="testGetStudentId()[pri:0, instance:com.mycompany.StudentNGTest@4df828d7]" started-at="2025-03-05T08:49:49Z" name="testGetStudentId" finished-at="2025-03-05T08:49:49Z" duration-ms="1" status="PASS">
          <reporter-output>
          </reporter-output>
        </test-method> <!-- testGetStudentId -->
        <test-method is-config="true" signature="tearDownMethod()[pri:0, instance:com.mycompany.StudentNGTest@4df828d7]" started-at="2025-03-05T08:49:49Z" name="tearDownMethod" finished-at="2025-03-05T08:49:49Z" duration-ms="0" status="PASS">
          <reporter-output>
          </reporter-output>
        </test-method> <!-- tearDownMethod -->
        <test-method is-config="true" signature="setUpMethod()[pri:0, instance:com.mycompany.StudentNGTest@4df828d7]" started-at="2025-03-05T08:49:49Z" name="setUpMethod" finished-at="2025-03-05T08:49:49Z" duration-ms="0" status="PASS">
          <reporter-output>
          </reporter-output>
        </test-method> <!-- setUpMethod -->
        <test-method signature="testSetAge()[pri:0, instance:com.mycompany.StudentNGTest@4df828d7]" started-at="2025-03-05T08:49:49Z" name="testSetAge" finished-at="2025-03-05T08:49:49Z" duration-ms="1" status="PASS">
          <reporter-output>
          </reporter-output>
        </test-method> <!-- testSetAge -->
        <test-method is-config="true" signature="tearDownMethod()[pri:0, instance:com.mycompany.StudentNGTest@4df828d7]" started-at="2025-03-05T08:49:49Z" name="tearDownMethod" finished-at="2025-03-05T08:49:49Z" duration-ms="0" status="PASS">
          <reporter-output>
          </reporter-output>
        </test-method> <!-- tearDownMethod -->
        <test-method is-config="true" signature="setUpMethod()[pri:0, instance:com.mycompany.StudentNGTest@4df828d7]" started-at="2025-03-05T08:49:49Z" name="setUpMethod" finished-at="2025-03-05T08:49:49Z" duration-ms="0" status="PASS">
          <reporter-output>
          </reporter-output>
        </test-method> <!-- setUpMethod -->
        <test-method signature="testUpdateName()[pri:0, instance:com.mycompany.StudentNGTest@4df828d7]" started-at="2025-03-05T08:49:49Z" name="testUpdateName" finished-at="2025-03-05T08:49:49Z" duration-ms="1" status="PASS">
          <reporter-output>
          </reporter-output>
        </test-method> <!-- testUpdateName -->
        <test-method is-config="true" signature="tearDownClass()[pri:0, instance:com.mycompany.StudentNGTest@4df828d7]" started-at="2025-03-05T08:49:49Z" name="tearDownClass" finished-at="2025-03-05T08:49:49Z" duration-ms="1" status="PASS">
          <reporter-output>
          </reporter-output>
        </test-method> <!-- tearDownClass -->
        <test-method is-config="true" signature="tearDownMethod()[pri:0, instance:com.mycompany.StudentNGTest@4df828d7]" started-at="2025-03-05T08:49:49Z" name="tearDownMethod" finished-at="2025-03-05T08:49:49Z" duration-ms="0" status="PASS">
          <reporter-output>
          </reporter-output>
        </test-method> <!-- tearDownMethod -->
      </class> <!-- com.mycompany.StudentNGTest -->
    </test> <!-- Surefire test -->
  </suite> <!-- Surefire suite -->
</testng-results>
